<?xml version="1.0" encoding="UTF-8"?>
<!-- Generated by org.testng.reporters.JUnitXMLReporter -->
<testsuite ignored="2" hostname="LAPTOP-E86RFH9G" failures="1" tests="3" name="FireFoxTest" time="21.246" errors="0" timestamp="2026-01-07T11:17:53 IST">
  <testcase classname="testscript.LoginTest" name="verifyThatTheIsAbleToSinginWithinVaidUsername" time="1.403">
    <failure type="org.apache.poi.openxml4j.exceptions.NotOfficeXmlFileException" message="No valid entries or contents found, this is not a valid OOXML (Office Open XML) file">
      <![CDATA[org.apache.poi.openxml4j.exceptions.NotOfficeXmlFileException: No valid entries or contents found, this is not a valid OOXML (Office Open XML) file
at org.apache.poi.openxml4j.opc.ZipPackage.getPartsImpl(ZipPackage.java:400)
at org.apache.poi.openxml4j.opc.OPCPackage.getParts(OPCPackage.java:950)
at org.apache.poi.openxml4j.opc.OPCPackage.open(OPCPackage.java:523)
at org.apache.poi.openxml4j.opc.OPCPackage.open(OPCPackage.java:490)
at org.apache.poi.ooxml.util.PackageHelper.open(PackageHelper.java:67)
at org.apache.poi.xssf.usermodel.XSSFWorkbook.<init>(XSSFWorkbook.java:315)
at org.apache.poi.xssf.usermodel.XSSFWorkbook.<init>(XSSFWorkbook.java:289)
at utilities.ExcelUtility.getStringData(ExcelUtility.java:22)
at testscript.LoginTest.verifyThatTheIsAbleToSinginWithinVaidUsername(LoginTest.java:33)
at java.base/java.util.ArrayList.forEach(ArrayList.java:1596)
at java.base/java.util.concurrent.FutureTask.run(FutureTask.java:317)
at java.base/java.util.concurrent.ThreadPoolExecutor.runWorker(ThreadPoolExecutor.java:1144)
at java.base/java.util.concurrent.ThreadPoolExecutor$Worker.run(ThreadPoolExecutor.java:642)
at java.base/java.lang.Thread.run(Thread.java:1583)
... Removed 15 stack frames]]>
    </failure>
  </testcase> <!-- verifyThatTheIsAbleToSinginWithinVaidUsername -->
  <testcase classname="testscript.LoginTest" name="verifyThatTheUserShouldNotMakeTheFiledNull" time="0.888"/>
  <testcase classname="testscript.LoginTest" name="verifyTheUserIsAbleToLoginTheSinginUsingValdCrediatiols" time="0.84"/>
  <testcase classname="testscript.LoginTest" name="verifyThatTheUserShouldNotAbleToLoginWithInvalidUserCrediations" time="0.0">
    <ignored/>
  </testcase> <!-- verifyThatTheUserShouldNotAbleToLoginWithInvalidUserCrediations -->
  <testcase classname="testscript.LoginTest" name="verifyThatTheUserShouldnotabletoLoginWithInvalidPasswordandCorrectUsername" time="0.0">
    <ignored/>
  </testcase> <!-- verifyThatTheUserShouldnotabletoLoginWithInvalidPasswordandCorrectUsername -->
</testsuite> <!-- FireFoxTest -->
