<?xml version="1.0" encoding="UTF-8"?>
<!-- Generated by org.testng.reporters.JUnitXMLReporter -->
<testsuite ignored="2" hostname="LAPTOP-E86RFH9G" failures="0" tests="3" name="ChromeTest" time="15.395" errors="0" timestamp="2026-01-06T20:37:46 IST">
  <testcase classname="testscript.LoginTest" name="verifyThatTheUserShouldNotAbleToLoginWithInvalidUserCrediations" time="3.146"/>
  <testcase classname="testscript.LoginTest" name="verifyThatTheUserShouldnotabletoLoginWithInvalidPasswordandCorrectUsername" time="1.04"/>
  <testcase classname="testscript.LoginTest" name="verifyThatTheIsAbleToSinginWithinVaidUsername" time="1.11"/>
  <testcase classname="testscript.LoginTest" name="verifyThatTheUserShouldNotMakeTheFiledNull" time="0.0">
    <ignored/>
  </testcase> <!-- verifyThatTheUserShouldNotMakeTheFiledNull -->
  <testcase classname="testscript.LoginTest" name="verifyTheUserIsAbleToLoginTheSinginUsingValdCrediatiols" time="0.0">
    <ignored/>
  </testcase> <!-- verifyTheUserIsAbleToLoginTheSinginUsingValdCrediatiols -->
</testsuite> <!-- ChromeTest -->
