<?xml version="1.0" encoding="UTF-8"?>
<!-- Generated by org.testng.reporters.JUnitXMLReporter -->
<testsuite ignored="2" hostname="LAPTOP-E86RFH9G" failures="0" tests="3" name="FireFoxTest" time="15.867" errors="0" timestamp="2026-01-09T11:29:55 IST">
  <testcase classname="testscript.LoginTest" name="verifyThatTheUserSholudNotAbleToSinginWithinVaidUsernameandInvalidPassword" time="0.0">
    <skipped/>
  </testcase> <!-- verifyThatTheUserSholudNotAbleToSinginWithinVaidUsernameandInvalidPassword -->
  <testcase classname="testscript.LoginTest" name="verifyThatTheUserShouldNotMakeTheFiledNull" time="0.0">
    <skipped/>
  </testcase> <!-- verifyThatTheUserShouldNotMakeTheFiledNull -->
  <testcase classname="testscript.LoginTest" name="verifyTheUserIsAbleToLoginTheSinginUsingValdCrediatiols" time="0.002">
    <skipped/>
  </testcase> <!-- verifyTheUserIsAbleToLoginTheSinginUsingValdCrediatiols -->
  <testcase classname="testscript.LoginTest" name="verifyThatTheUserShouldnotabletoLoginWithInvalidPasswordandCorrectUsername" time="0.0">
    <ignored/>
  </testcase> <!-- verifyThatTheUserShouldnotabletoLoginWithInvalidPasswordandCorrectUsername -->
  <testcase classname="testscript.LoginTest" name="verifyThatTheUserShouldNotAbleToLoginWithInvalidUserCrediations" time="0.0">
    <ignored/>
  </testcase> <!-- verifyThatTheUserShouldNotAbleToLoginWithInvalidUserCrediations -->
</testsuite> <!-- FireFoxTest -->
