<?xml version="1.0" encoding="UTF-8"?>
<!-- Generated by org.testng.reporters.JUnitXMLReporter -->
<testsuite ignored="3" hostname="LAPTOP-E86RFH9G" failures="0" tests="2" name="Test" time="9.24" errors="0" timestamp="2026-01-06T21:07:48 IST">
  <testcase classname="testscript.LoginTest" name="verifyThatTheIsAbleToSinginWithinVaidUsername" time="2.246"/>
  <testcase classname="testscript.LoginTest" name="verifyTheUserIsAbleToLoginTheSinginUsingValdCrediatiols" time="1.198"/>
  <testcase classname="testscript.LoginTest" name="verifyThatTheUserShouldNotMakeTheFiledNull" time="0.0">
    <ignored/>
  </testcase> <!-- verifyThatTheUserShouldNotMakeTheFiledNull -->
  <testcase classname="testscript.LoginTest" name="verifyThatTheUserShouldnotabletoLoginWithInvalidPasswordandCorrectUsername" time="0.0">
    <ignored/>
  </testcase> <!-- verifyThatTheUserShouldnotabletoLoginWithInvalidPasswordandCorrectUsername -->
  <testcase classname="testscript.LoginTest" name="verifyThatTheUserShouldNotAbleToLoginWithInvalidUserCrediations" time="0.0">
    <ignored/>
  </testcase> <!-- verifyThatTheUserShouldNotAbleToLoginWithInvalidUserCrediations -->
</testsuite> <!-- Test -->
