<?xml version="1.0" encoding="UTF-8"?>
<!-- Generated by org.testng.reporters.JUnitXMLReporter -->
<testsuite ignored="0" hostname="LAPTOP-E86RFH9G" failures="1" tests="7" name="Test" time="58.361" errors="0" timestamp="2026-01-08T20:25:13 IST">
  <testcase classname="testscript.LoginTest" name="verifyThatTheIsAbleToSinginWithinVaidUsername" time="2.596"/>
  <testcase classname="testscript.LoginTest" name="verifyThatTheUserShouldNotAbleToLoginWithInvalidUserCrediations" time="0.666"/>
  <testcase classname="testscript.LoginTest" name="verifyThatTheUserShouldNotMakeTheFiledNull" time="0.621"/>
  <testcase classname="testscript.LoginTest" name="verifyThatTheUserShouldnotabletoLoginWithInvalidPasswordandCorrectUsername" time="0.73"/>
  <testcase classname="testscript.LoginTest" name="verifyTheUserIsAbleToLoginTheSinginUsingValdCrediatiols" time="0.096">
    <skipped/>
  </testcase> <!-- verifyTheUserIsAbleToLoginTheSinginUsingValdCrediatiols -->
  <testcase classname="testscript.LoginTest" name="verifyTheUserIsAbleToLoginTheSinginUsingValdCrediatiols" time="0.114">
    <skipped/>
  </testcase> <!-- verifyTheUserIsAbleToLoginTheSinginUsingValdCrediatiols -->
  <testcase classname="testscript.LoginTest" name="verifyTheUserIsAbleToLoginTheSinginUsingValdCrediatiols" time="0.062">
    <failure type="java.lang.IllegalStateException" message="Cannot get a STRING value from a NUMERIC cell">
      <![CDATA[java.lang.IllegalStateException: Cannot get a STRING value from a NUMERIC cell
at org.apache.poi.xssf.usermodel.XSSFCell.typeMismatch(XSSFCell.java:982)
at org.apache.poi.xssf.usermodel.XSSFCell.getRichStringCellValue(XSSFCell.java:308)
at org.apache.poi.xssf.usermodel.XSSFCell.getStringCellValue(XSSFCell.java:277)
at utilities.ExcelUtility.getStringData(ExcelUtility.java:26)
at testscript.LoginTest.verifyTheUserIsAbleToLoginTheSinginUsingValdCrediatiols(LoginTest.java:19)
at java.base/java.util.ArrayList.forEach(ArrayList.java:1596)
... Removed 25 stack frames]]>
    </failure>
  </testcase> <!-- verifyTheUserIsAbleToLoginTheSinginUsingValdCrediatiols -->
</testsuite> <!-- Test -->
